project
symbol
int
/int
char
/char
/symbol
text
fun
return
/return
/fun
fun
int
/int
char
/char
call
/call
set
/set
call
/call
return
/return
/fun
/text
/project
{"0":" name='test.c' default='build'","2":" name='a' scope='global' value='1'","3":" name = 'b' scope='global' value='a'","5":" name = 'test' args='' return = 'int'","$6":"0","7":" name='main' args='' return = 'int'","8":" name='a' scope='local' value='1'","9":" name = 'b' scope = 'local' value = 'a'","10":" name='test' args=''","11":" name='a' value='1'","12":" name='printf'    args='{string:"d",int:a}'","13":" fun='main'","$13":"0",}
project
└──symbol
   └──int
   └──char
└──text
   └──fun
      └──return
   └──fun
      └──int
      └──char
      └──call
      └──set
      └──call
      └──return